<?xml version="1.0" encoding="UTF-8"?>
<testsuite name="com.openapi.fcds.test.runners.api.SwapiRequestApiTestRunner" tests="4" skipped="0" failures="0" errors="0" timestamp="2023-03-20T23:35:04" hostname="Sakthi-MBP" time="0.88">
  <properties/>
  <testcase name="runScenario[0](&quot;Get given people details and verify the response&quot;, &quot;Find the people details from swapi&quot;)" classname="com.openapi.fcds.test.runners.api.SwapiRequestApiTestRunner" time="0.484"/>
  <testcase name="runScenario[1](&quot;Get given people details and verify the response&quot;, &quot;Find the people details from swapi&quot;)" classname="com.openapi.fcds.test.runners.api.SwapiRequestApiTestRunner" time="0.097"/>
  <testcase name="runScenario[2](&quot;Get all people details and verify given people data in the response&quot;, &quot;Find the people details from swapi&quot;)" classname="com.openapi.fcds.test.runners.api.SwapiRequestApiTestRunner" time="0.17"/>
  <testcase name="runScenario[3](&quot;Get all people details and verify given people data in the response&quot;, &quot;Find the people details from swapi&quot;)" classname="com.openapi.fcds.test.runners.api.SwapiRequestApiTestRunner" time="0.128"/>
  <system-out><![CDATA[@swapi @people
Feature: Find the people details from swapi
  As an API user
  I want to get people details from swapi
  So that I use their starships and vehicle details

  Scenario Outline: Get given people details and verify the response # src/test/resources/feature_files/openapi/api/swapi/SwapiPeople.feature:7
    When a user gets single person details from swapi with id <PEOPLE_ID>
    Then user verifies the people details

    Examples: 

  @swapi @people
  Scenario Outline: Get given people details and verify the response # src/test/resources/feature_files/openapi/api/swapi/SwapiPeople.feature:14
23:35:04,305 |-INFO in ch.qos.logback.classic.LoggerContext[default] - Could NOT find resource [logback-test.xml]
23:35:04,305 |-INFO in ch.qos.logback.classic.LoggerContext[default] - Could NOT find resource [logback.groovy]
23:35:04,305 |-INFO in ch.qos.logback.classic.LoggerContext[default] - Found resource [logback.xml] at [file:/Users/sakthimurugansubramanian/code/open-api/openapi-api-test/build/resources/test/logback.xml]
23:35:04,306 |-WARN in ch.qos.logback.classic.LoggerContext[default] - Resource [logback.xml] occurs multiple times on the classpath.
23:35:04,306 |-WARN in ch.qos.logback.classic.LoggerContext[default] - Resource [logback.xml] occurs at [file:/Users/sakthimurugansubramanian/code/open-api/openapi-api-test/build/resources/test/logback.xml]
23:35:04,306 |-WARN in ch.qos.logback.classic.LoggerContext[default] - Resource [logback.xml] occurs at [jar:file:/Users/sakthimurugansubramanian/code/open-api/openapi-api-client/build/libs/openapi-api-client-1.0-SNAPSHOT.jar!/logback.xml]
23:35:04,320 |-INFO in ch.qos.logback.classic.joran.action.ConfigurationAction - debug attribute not set
23:35:04,320 |-INFO in ch.qos.logback.core.joran.action.AppenderAction - About to instantiate appender of type [ch.qos.logback.core.ConsoleAppender]
23:35:04,323 |-INFO in ch.qos.logback.core.joran.action.AppenderAction - Naming appender as [STDOUT]
23:35:04,324 |-INFO in ch.qos.logback.core.joran.action.NestedComplexPropertyIA - Assuming default type [ch.qos.logback.classic.encoder.PatternLayoutEncoder] for [encoder] property
23:35:04,331 |-INFO in ch.qos.logback.classic.joran.action.RootLoggerAction - Setting level of ROOT logger to INFO
23:35:04,331 |-INFO in ch.qos.logback.core.joran.action.AppenderRefAction - Attaching appender named [STDOUT] to Logger[ROOT]
23:35:04,331 |-INFO in ch.qos.logback.classic.joran.action.ConfigurationAction - End of configuration.
23:35:04,332 |-INFO in ch.qos.logback.classic.joran.JoranConfigurator@781a339 - Registering current configuration as safe fallback point

23:35:04.334 |-INFO        c.o.f.t.u.PropertyHelper| Loading property resource : swapi.environment.properties
23:35:04.335 |-INFO        c.o.f.t.u.PropertyHelper| Loading property resource : endpoint.properties
23:35:04.336 |-INFO        c.o.f.t.u.PropertyHelper| Loading property resource : default.properties
23:35:04.336 |-INFO         c.o.f.t.s.c.CommonSteps| =========================
23:35:04.336 |-INFO         c.o.f.t.s.c.CommonSteps| Scenario setup - Begin
23:35:04.336 |-INFO         c.o.f.t.s.c.CommonSteps| =========================

23:35:04.336 |-INFO  c.o.f.t.s.c.CommonDataProvider| Attempting to create new common data object for id : 16
23:35:04.336 |-INFO  c.o.f.t.s.c.CommonDataProvider| Created common data object for id: 16
23:35:04.336 |-INFO         c.o.f.t.s.c.CommonSteps| Initialised common data instance for scenario
23:35:04.336 |-INFO         c.o.f.t.s.c.CommonSteps| =========================
23:35:04.336 |-INFO         c.o.f.t.s.c.CommonSteps| Scenario setup - End
23:35:04.336 |-INFO         c.o.f.t.s.c.CommonSteps| =========================

23:35:04.465 |-INFO   c.o.f.t.c.h.GenericHttpClient| Initialised Ok-http client for SwapiRequestRestClient with connection pool size : 10
23:35:04.491 |-INFO   c.o.f.t.c.h.GenericHttpClient| >>==> HTTP GET https://swapi.dev/api/people/1

23:35:04.495 |-INFO   c.o.f.t.c.h.GenericHttpClient| Accept: application/json
23:35:04.498 |-INFO   c.o.f.t.c.h.GenericHttpClient| payload: (no body)

23:35:04.498 |-INFO   c.o.f.t.c.h.GenericHttpClient| >>==> END HTTP (0-byte body)

23:35:04.732 |-INFO   c.o.f.t.c.h.GenericHttpClient| <==<< HTTP 200 https://swapi.dev/api/people/1 (240.2ms)

23:35:04.733 |-INFO   c.o.f.t.c.h.GenericHttpClient| Server: nginx/1.16.1
23:35:04.733 |-INFO   c.o.f.t.c.h.GenericHttpClient| Date: Mon, 20 Mar 2023 23:35:04 GMT
23:35:04.734 |-INFO   c.o.f.t.c.h.GenericHttpClient| Content-Type: application/json
23:35:04.734 |-INFO   c.o.f.t.c.h.GenericHttpClient| Transfer-Encoding: chunked
23:35:04.734 |-INFO   c.o.f.t.c.h.GenericHttpClient| Connection: keep-alive
23:35:04.734 |-INFO   c.o.f.t.c.h.GenericHttpClient| Vary: Accept, Cookie
23:35:04.734 |-INFO   c.o.f.t.c.h.GenericHttpClient| X-Frame-Options: SAMEORIGIN
23:35:04.734 |-INFO   c.o.f.t.c.h.GenericHttpClient| ETag: "ee398610435c328f4d0a4e1b0d2f7bbc"
23:35:04.734 |-INFO   c.o.f.t.c.h.GenericHttpClient| Allow: GET, HEAD, OPTIONS
23:35:04.734 |-INFO   c.o.f.t.c.h.GenericHttpClient| Strict-Transport-Security: max-age=15768000
23:35:04.734 |-INFO   c.o.f.t.c.h.GenericHttpClient| OkHttp-Sent-Millis: 1679355304684
23:35:04.734 |-INFO   c.o.f.t.c.h.GenericHttpClient| OkHttp-Received-Millis: 1679355304729
23:35:04.735 |-INFO   c.o.f.t.c.h.GenericHttpClient| payload: {"name":"Luke Skywalker","height":"172","mass":"77","hair_color":"blond","skin_color":"fair","eye_color":"blue","birth_year":"19BBY","gender":"male","homeworld":"https://swapi.dev/api/planets/1/","films":["https://swapi.dev/api/films/1/","https://swapi.dev/api/films/2/","https://swapi.dev/api/films/3/","https://swapi.dev/api/films/6/"],"species":[],"vehicles":["https://swapi.dev/api/vehicles/14/","https://swapi.dev/api/vehicles/30/"],"starships":["https://swapi.dev/api/starships/12/","https://swapi.dev/api/starships/22/"],"created":"2014-12-09T13:50:51.644000Z","edited":"2014-12-20T21:17:56.891000Z","url":"https://swapi.dev/api/people/1/"}

23:35:04.735 |-INFO   c.o.f.t.c.h.GenericHttpClient| <==<< END HTTP (-1-byte body)

    When a user gets single person details from swapi with id 1      # SwapiRequestSteps.aUserGetsSinglePersonDetailsFromSwapi(String)
    Then user verifies the people details                            # SwapiRequestSteps.userVerifiesThePeopleDetails(DataTable)
23:35:04.762 |-INFO         c.o.f.t.s.c.CommonSteps| =========================
23:35:04.763 |-INFO         c.o.f.t.s.c.CommonSteps| Scenario teardown - Begin
23:35:04.763 |-INFO         c.o.f.t.s.c.CommonSteps| =========================

23:35:04.763 |-INFO         c.o.f.t.s.c.CommonSteps| =========================
23:35:04.763 |-INFO         c.o.f.t.s.c.CommonSteps| Scenario teardown - End
23:35:04.763 |-INFO         c.o.f.t.s.c.CommonSteps| =========================


  @swapi @people
  Scenario Outline: Get given people details and verify the response # src/test/resources/feature_files/openapi/api/swapi/SwapiPeople.feature:15
23:35:04.764 |-INFO         c.o.f.t.s.c.CommonSteps| =========================
23:35:04.764 |-INFO         c.o.f.t.s.c.CommonSteps| Scenario setup - Begin
23:35:04.764 |-INFO         c.o.f.t.s.c.CommonSteps| =========================

23:35:04.764 |-INFO  c.o.f.t.s.c.CommonDataProvider| Attempting to create new common data object for id : 16
23:35:04.764 |-INFO  c.o.f.t.s.c.CommonDataProvider| Created common data object for id: 16
23:35:04.764 |-INFO         c.o.f.t.s.c.CommonSteps| Initialised common data instance for scenario
23:35:04.764 |-INFO         c.o.f.t.s.c.CommonSteps| =========================
23:35:04.764 |-INFO         c.o.f.t.s.c.CommonSteps| Scenario setup - End
23:35:04.764 |-INFO         c.o.f.t.s.c.CommonSteps| =========================

23:35:04.764 |-INFO   c.o.f.t.c.h.GenericHttpClient| >>==> HTTP GET https://swapi.dev/api/people/4

23:35:04.764 |-INFO   c.o.f.t.c.h.GenericHttpClient| Accept: application/json
23:35:04.765 |-INFO   c.o.f.t.c.h.GenericHttpClient| payload: (no body)

23:35:04.765 |-INFO   c.o.f.t.c.h.GenericHttpClient| >>==> END HTTP (0-byte body)

23:35:04.855 |-INFO   c.o.f.t.c.h.GenericHttpClient| <==<< HTTP 200 https://swapi.dev/api/people/4 (91.0ms)

23:35:04.856 |-INFO   c.o.f.t.c.h.GenericHttpClient| Server: nginx/1.16.1
23:35:04.856 |-INFO   c.o.f.t.c.h.GenericHttpClient| Date: Mon, 20 Mar 2023 23:35:04 GMT
23:35:04.856 |-INFO   c.o.f.t.c.h.GenericHttpClient| Content-Type: application/json
23:35:04.856 |-INFO   c.o.f.t.c.h.GenericHttpClient| Transfer-Encoding: chunked
23:35:04.856 |-INFO   c.o.f.t.c.h.GenericHttpClient| Connection: keep-alive
23:35:04.856 |-INFO   c.o.f.t.c.h.GenericHttpClient| Vary: Accept, Cookie
23:35:04.856 |-INFO   c.o.f.t.c.h.GenericHttpClient| X-Frame-Options: SAMEORIGIN
23:35:04.856 |-INFO   c.o.f.t.c.h.GenericHttpClient| ETag: "3bd6683da4bf9ac731386ed3fa8ce8fc"
23:35:04.856 |-INFO   c.o.f.t.c.h.GenericHttpClient| Allow: GET, HEAD, OPTIONS
23:35:04.856 |-INFO   c.o.f.t.c.h.GenericHttpClient| Strict-Transport-Security: max-age=15768000
23:35:04.856 |-INFO   c.o.f.t.c.h.GenericHttpClient| OkHttp-Sent-Millis: 1679355304765
23:35:04.856 |-INFO   c.o.f.t.c.h.GenericHttpClient| OkHttp-Received-Millis: 1679355304855
23:35:04.856 |-INFO   c.o.f.t.c.h.GenericHttpClient| payload: {"name":"Darth Vader","height":"202","mass":"136","hair_color":"none","skin_color":"white","eye_color":"yellow","birth_year":"41.9BBY","gender":"male","homeworld":"https://swapi.dev/api/planets/1/","films":["https://swapi.dev/api/films/1/","https://swapi.dev/api/films/2/","https://swapi.dev/api/films/3/","https://swapi.dev/api/films/6/"],"species":[],"vehicles":[],"starships":["https://swapi.dev/api/starships/13/"],"created":"2014-12-10T15:18:20.704000Z","edited":"2014-12-20T21:17:50.313000Z","url":"https://swapi.dev/api/people/4/"}

23:35:04.856 |-INFO   c.o.f.t.c.h.GenericHttpClient| <==<< END HTTP (-1-byte body)

    When a user gets single person details from swapi with id 4      # SwapiRequestSteps.aUserGetsSinglePersonDetailsFromSwapi(String)
    Then user verifies the people details                            # SwapiRequestSteps.userVerifiesThePeopleDetails(DataTable)
23:35:04.859 |-INFO         c.o.f.t.s.c.CommonSteps| =========================
23:35:04.859 |-INFO         c.o.f.t.s.c.CommonSteps| Scenario teardown - Begin
23:35:04.859 |-INFO         c.o.f.t.s.c.CommonSteps| =========================

23:35:04.859 |-INFO         c.o.f.t.s.c.CommonSteps| =========================
23:35:04.859 |-INFO         c.o.f.t.s.c.CommonSteps| Scenario teardown - End
23:35:04.859 |-INFO         c.o.f.t.s.c.CommonSteps| =========================


  Scenario Outline: Get all people details and verify given people data in the response # src/test/resources/feature_files/openapi/api/swapi/SwapiPeople.feature:17
    When a user gets all the people details list
    Then user verifies the given person details

    Examples: 

  @swapi @people
  Scenario Outline: Get all people details and verify given people data in the response # src/test/resources/feature_files/openapi/api/swapi/SwapiPeople.feature:24
23:35:04.861 |-INFO         c.o.f.t.s.c.CommonSteps| =========================
23:35:04.861 |-INFO         c.o.f.t.s.c.CommonSteps| Scenario setup - Begin
23:35:04.861 |-INFO         c.o.f.t.s.c.CommonSteps| =========================

23:35:04.861 |-INFO  c.o.f.t.s.c.CommonDataProvider| Attempting to create new common data object for id : 16
23:35:04.861 |-INFO  c.o.f.t.s.c.CommonDataProvider| Created common data object for id: 16
23:35:04.861 |-INFO         c.o.f.t.s.c.CommonSteps| Initialised common data instance for scenario
23:35:04.861 |-INFO         c.o.f.t.s.c.CommonSteps| =========================
23:35:04.861 |-INFO         c.o.f.t.s.c.CommonSteps| Scenario setup - End
23:35:04.861 |-INFO         c.o.f.t.s.c.CommonSteps| =========================

23:35:04.862 |-INFO   c.o.f.t.c.h.GenericHttpClient| >>==> HTTP GET https://swapi.dev/api/people

23:35:04.862 |-INFO   c.o.f.t.c.h.GenericHttpClient| Accept: application/json
23:35:04.862 |-INFO   c.o.f.t.c.h.GenericHttpClient| payload: (no body)

23:35:04.862 |-INFO   c.o.f.t.c.h.GenericHttpClient| >>==> END HTTP (0-byte body)

23:35:05.019 |-INFO   c.o.f.t.c.h.GenericHttpClient| <==<< HTTP 200 https://swapi.dev/api/people (156.5ms)

23:35:05.019 |-INFO   c.o.f.t.c.h.GenericHttpClient| Server: nginx/1.16.1
23:35:05.019 |-INFO   c.o.f.t.c.h.GenericHttpClient| Date: Mon, 20 Mar 2023 23:35:05 GMT
23:35:05.019 |-INFO   c.o.f.t.c.h.GenericHttpClient| Content-Type: application/json
23:35:05.019 |-INFO   c.o.f.t.c.h.GenericHttpClient| Transfer-Encoding: chunked
23:35:05.019 |-INFO   c.o.f.t.c.h.GenericHttpClient| Connection: keep-alive
23:35:05.019 |-INFO   c.o.f.t.c.h.GenericHttpClient| Vary: Accept, Cookie
23:35:05.020 |-INFO   c.o.f.t.c.h.GenericHttpClient| X-Frame-Options: SAMEORIGIN
23:35:05.020 |-INFO   c.o.f.t.c.h.GenericHttpClient| ETag: "b493126da505af6fec015ec116fec193"
23:35:05.020 |-INFO   c.o.f.t.c.h.GenericHttpClient| Allow: GET, HEAD, OPTIONS
23:35:05.020 |-INFO   c.o.f.t.c.h.GenericHttpClient| Strict-Transport-Security: max-age=15768000
23:35:05.020 |-INFO   c.o.f.t.c.h.GenericHttpClient| OkHttp-Sent-Millis: 1679355304863
23:35:05.020 |-INFO   c.o.f.t.c.h.GenericHttpClient| OkHttp-Received-Millis: 1679355305019
23:35:05.020 |-INFO   c.o.f.t.c.h.GenericHttpClient| payload: {"count":82,"next":"https://swapi.dev/api/people/?page=2","previous":null,"results":[{"name":"Luke Skywalker","height":"172","mass":"77","hair_color":"blond","skin_color":"fair","eye_color":"blue","birth_year":"19BBY","gender":"male","homeworld":"https://swapi.dev/api/planets/1/","films":["https://swapi.dev/api/films/1/","https://swapi.dev/api/films/2/","https://swapi.dev/api/films/3/","https://swapi.dev/api/films/6/"],"species":[],"vehicles":["https://swapi.dev/api/vehicles/14/","https://swapi.dev/api/vehicles/30/"],"starships":["https://swapi.dev/api/starships/12/","https://swapi.dev/api/starships/22/"],"created":"2014-12-09T13:50:51.644000Z","edited":"2014-12-20T21:17:56.891000Z","url":"https://swapi.dev/api/people/1/"},{"name":"C-3PO","height":"167","mass":"75","hair_color":"n/a","skin_color":"gold","eye_color":"yellow","birth_year":"112BBY","gender":"n/a","homeworld":"https://swapi.dev/api/planets/1/","films":["https://swapi.dev/api/films/1/","https://swapi.dev/api/films/2/","https://swapi.dev/api/films/3/","https://swapi.dev/api/films/4/","https://swapi.dev/api/films/5/","https://swapi.dev/api/films/6/"],"species":["https://swapi.dev/api/species/2/"],"vehicles":[],"starships":[],"created":"2014-12-10T15:10:51.357000Z","edited":"2014-12-20T21:17:50.309000Z","url":"https://swapi.dev/api/people/2/"},{"name":"R2-D2","height":"96","mass":"32","hair_color":"n/a","skin_color":"white, blue","eye_color":"red","birth_year":"33BBY","gender":"n/a","homeworld":"https://swapi.dev/api/planets/8/","films":["https://swapi.dev/api/films/1/","https://swapi.dev/api/films/2/","https://swapi.dev/api/films/3/","https://swapi.dev/api/films/4/","https://swapi.dev/api/films/5/","https://swapi.dev/api/films/6/"],"species":["https://swapi.dev/api/species/2/"],"vehicles":[],"starships":[],"created":"2014-12-10T15:11:50.376000Z","edited":"2014-12-20T21:17:50.311000Z","url":"https://swapi.dev/api/people/3/"},{"name":"Darth Vader","height":"202","mass":"136","hair_color":"none","skin_color":"white","eye_color":"yellow","birth_year":"41.9BBY","gender":"male","homeworld":"https://swapi.dev/api/planets/1/","films":["https://swapi.dev/api/films/1/","https://swapi.dev/api/films/2/","https://swapi.dev/api/films/3/","https://swapi.dev/api/films/6/"],"species":[],"vehicles":[],"starships":["https://swapi.dev/api/starships/13/"],"created":"2014-12-10T15:18:20.704000Z","edited":"2014-12-20T21:17:50.313000Z","url":"https://swapi.dev/api/people/4/"},{"name":"Leia Organa","height":"150","mass":"49","hair_color":"brown","skin_color":"light","eye_color":"brown","birth_year":"19BBY","gender":"female","homeworld":"https://swapi.dev/api/planets/2/","films":["https://swapi.dev/api/films/1/","https://swapi.dev/api/films/2/","https://swapi.dev/api/films/3/","https://swapi.dev/api/films/6/"],"species":[],"vehicles":["https://swapi.dev/api/vehicles/30/"],"starships":[],"created":"2014-12-10T15:20:09.791000Z","edited":"2014-12-20T21:17:50.315000Z","url":"https://swapi.dev/api/people/5/"},{"name":"Owen Lars","height":"178","mass":"120","hair_color":"brown, grey","skin_color":"light","eye_color":"blue","birth_year":"52BBY","gender":"male","homeworld":"https://swapi.dev/api/planets/1/","films":["https://swapi.dev/api/films/1/","https://swapi.dev/api/films/5/","https://swapi.dev/api/films/6/"],"species":[],"vehicles":[],"starships":[],"created":"2014-12-10T15:52:14.024000Z","edited":"2014-12-20T21:17:50.317000Z","url":"https://swapi.dev/api/people/6/"},{"name":"Beru Whitesun lars","height":"165","mass":"75","hair_color":"brown","skin_color":"light","eye_color":"blue","birth_year":"47BBY","gender":"female","homeworld":"https://swapi.dev/api/planets/1/","films":["https://swapi.dev/api/films/1/","https://swapi.dev/api/films/5/","https://swapi.dev/api/films/6/"],"species":[],"vehicles":[],"starships":[],"created":"2014-12-10T15:53:41.121000Z","edited":"2014-12-20T21:17:50.319000Z","url":"https://swapi.dev/api/people/7/"},{"name":"R5-D4","height":"97","mass":"32","hair_color":"n/a","skin_color":"white, red","eye_color":"red","birth_year":"unknown","gender":"n/a","homeworld":"https://swapi.dev/api/planets/1/","films":["https://swapi.dev/api/films/1/"],"species":["https://swapi.dev/api/species/2/"],"vehicles":[],"starships":[],"created":"2014-12-10T15:57:50.959000Z","edited":"2014-12-20T21:17:50.321000Z","url":"https://swapi.dev/api/people/8/"},{"name":"Biggs Darklighter","height":"183","mass":"84","hair_color":"black","skin_color":"light","eye_color":"brown","birth_year":"24BBY","gender":"male","homeworld":"https://swapi.dev/api/planets/1/","films":["https://swapi.dev/api/films/1/"],"species":[],"vehicles":[],"starships":["https://swapi.dev/api/starships/12/"],"created":"2014-12-10T15:59:50.509000Z","edited":"2014-12-20T21:17:50.323000Z","url":"https://swapi.dev/api/people/9/"},{"name":"Obi-Wan Kenobi","height":"182","mass":"77","hair_color":"auburn, white","skin_color":"fair","eye_color":"blue-gray","birth_year":"57BBY","gender":"male","homeworld":"https://swapi.dev/api/planets/20/","films":["https://swapi.dev/api/films/1/","https://swapi.dev/api/films/2/","https://swapi.dev/api/films/3/","https://swapi.dev/api/films/4/","https://swapi.dev/api/films/5/","https://swapi.dev/api/films/6/"],"species":[],"vehicles":["https://swapi.dev/api/vehicles/38/"],"starships":["https://swapi.dev/api/starships/48/","https://swapi.dev/api/starships/59/","https://swapi.dev/api/starships/64/","https://swapi.dev/api/starships/65/","https://swapi.dev/api/starships/74/"],"created":"2014-12-10T16:16:29.192000Z","edited":"2014-12-20T21:17:50.325000Z","url":"https://swapi.dev/api/people/10/"}]}

23:35:05.021 |-INFO   c.o.f.t.c.h.GenericHttpClient| <==<< END HTTP (-1-byte body)

    When a user gets all the people details list                                        # SwapiRequestSteps.aUserGetsAllThePeopleDetailsList()
    Then user verifies the given person details                                         # SwapiRequestSteps.userVerifiesTheGivenPersonDetails(DataTable)
23:35:05.030 |-INFO         c.o.f.t.s.c.CommonSteps| =========================
23:35:05.030 |-INFO         c.o.f.t.s.c.CommonSteps| Scenario teardown - Begin
23:35:05.030 |-INFO         c.o.f.t.s.c.CommonSteps| =========================

23:35:05.030 |-INFO         c.o.f.t.s.c.CommonSteps| =========================
23:35:05.030 |-INFO         c.o.f.t.s.c.CommonSteps| Scenario teardown - End
23:35:05.030 |-INFO         c.o.f.t.s.c.CommonSteps| =========================


  @swapi @people
  Scenario Outline: Get all people details and verify given people data in the response # src/test/resources/feature_files/openapi/api/swapi/SwapiPeople.feature:25
23:35:05.031 |-INFO         c.o.f.t.s.c.CommonSteps| =========================
23:35:05.031 |-INFO         c.o.f.t.s.c.CommonSteps| Scenario setup - Begin
23:35:05.031 |-INFO         c.o.f.t.s.c.CommonSteps| =========================

23:35:05.031 |-INFO  c.o.f.t.s.c.CommonDataProvider| Attempting to create new common data object for id : 16
23:35:05.031 |-INFO  c.o.f.t.s.c.CommonDataProvider| Created common data object for id: 16
23:35:05.031 |-INFO         c.o.f.t.s.c.CommonSteps| Initialised common data instance for scenario
23:35:05.031 |-INFO         c.o.f.t.s.c.CommonSteps| =========================
23:35:05.031 |-INFO         c.o.f.t.s.c.CommonSteps| Scenario setup - End
23:35:05.031 |-INFO         c.o.f.t.s.c.CommonSteps| =========================

23:35:05.032 |-INFO   c.o.f.t.c.h.GenericHttpClient| >>==> HTTP GET https://swapi.dev/api/people

23:35:05.032 |-INFO   c.o.f.t.c.h.GenericHttpClient| Accept: application/json
23:35:05.032 |-INFO   c.o.f.t.c.h.GenericHttpClient| payload: (no body)

23:35:05.032 |-INFO   c.o.f.t.c.h.GenericHttpClient| >>==> END HTTP (0-byte body)

23:35:05.151 |-INFO   c.o.f.t.c.h.GenericHttpClient| <==<< HTTP 200 https://swapi.dev/api/people (119.0ms)

23:35:05.151 |-INFO   c.o.f.t.c.h.GenericHttpClient| Server: nginx/1.16.1
23:35:05.151 |-INFO   c.o.f.t.c.h.GenericHttpClient| Date: Mon, 20 Mar 2023 23:35:05 GMT
23:35:05.151 |-INFO   c.o.f.t.c.h.GenericHttpClient| Content-Type: application/json
23:35:05.151 |-INFO   c.o.f.t.c.h.GenericHttpClient| Transfer-Encoding: chunked
23:35:05.151 |-INFO   c.o.f.t.c.h.GenericHttpClient| Connection: keep-alive
23:35:05.151 |-INFO   c.o.f.t.c.h.GenericHttpClient| Vary: Accept, Cookie
23:35:05.151 |-INFO   c.o.f.t.c.h.GenericHttpClient| X-Frame-Options: SAMEORIGIN
23:35:05.151 |-INFO   c.o.f.t.c.h.GenericHttpClient| ETag: "b493126da505af6fec015ec116fec193"
23:35:05.151 |-INFO   c.o.f.t.c.h.GenericHttpClient| Allow: GET, HEAD, OPTIONS
23:35:05.151 |-INFO   c.o.f.t.c.h.GenericHttpClient| Strict-Transport-Security: max-age=15768000
23:35:05.151 |-INFO   c.o.f.t.c.h.GenericHttpClient| OkHttp-Sent-Millis: 1679355305032
23:35:05.151 |-INFO   c.o.f.t.c.h.GenericHttpClient| OkHttp-Received-Millis: 1679355305151
23:35:05.152 |-INFO   c.o.f.t.c.h.GenericHttpClient| payload: {"count":82,"next":"https://swapi.dev/api/people/?page=2","previous":null,"results":[{"name":"Luke Skywalker","height":"172","mass":"77","hair_color":"blond","skin_color":"fair","eye_color":"blue","birth_year":"19BBY","gender":"male","homeworld":"https://swapi.dev/api/planets/1/","films":["https://swapi.dev/api/films/1/","https://swapi.dev/api/films/2/","https://swapi.dev/api/films/3/","https://swapi.dev/api/films/6/"],"species":[],"vehicles":["https://swapi.dev/api/vehicles/14/","https://swapi.dev/api/vehicles/30/"],"starships":["https://swapi.dev/api/starships/12/","https://swapi.dev/api/starships/22/"],"created":"2014-12-09T13:50:51.644000Z","edited":"2014-12-20T21:17:56.891000Z","url":"https://swapi.dev/api/people/1/"},{"name":"C-3PO","height":"167","mass":"75","hair_color":"n/a","skin_color":"gold","eye_color":"yellow","birth_year":"112BBY","gender":"n/a","homeworld":"https://swapi.dev/api/planets/1/","films":["https://swapi.dev/api/films/1/","https://swapi.dev/api/films/2/","https://swapi.dev/api/films/3/","https://swapi.dev/api/films/4/","https://swapi.dev/api/films/5/","https://swapi.dev/api/films/6/"],"species":["https://swapi.dev/api/species/2/"],"vehicles":[],"starships":[],"created":"2014-12-10T15:10:51.357000Z","edited":"2014-12-20T21:17:50.309000Z","url":"https://swapi.dev/api/people/2/"},{"name":"R2-D2","height":"96","mass":"32","hair_color":"n/a","skin_color":"white, blue","eye_color":"red","birth_year":"33BBY","gender":"n/a","homeworld":"https://swapi.dev/api/planets/8/","films":["https://swapi.dev/api/films/1/","https://swapi.dev/api/films/2/","https://swapi.dev/api/films/3/","https://swapi.dev/api/films/4/","https://swapi.dev/api/films/5/","https://swapi.dev/api/films/6/"],"species":["https://swapi.dev/api/species/2/"],"vehicles":[],"starships":[],"created":"2014-12-10T15:11:50.376000Z","edited":"2014-12-20T21:17:50.311000Z","url":"https://swapi.dev/api/people/3/"},{"name":"Darth Vader","height":"202","mass":"136","hair_color":"none","skin_color":"white","eye_color":"yellow","birth_year":"41.9BBY","gender":"male","homeworld":"https://swapi.dev/api/planets/1/","films":["https://swapi.dev/api/films/1/","https://swapi.dev/api/films/2/","https://swapi.dev/api/films/3/","https://swapi.dev/api/films/6/"],"species":[],"vehicles":[],"starships":["https://swapi.dev/api/starships/13/"],"created":"2014-12-10T15:18:20.704000Z","edited":"2014-12-20T21:17:50.313000Z","url":"https://swapi.dev/api/people/4/"},{"name":"Leia Organa","height":"150","mass":"49","hair_color":"brown","skin_color":"light","eye_color":"brown","birth_year":"19BBY","gender":"female","homeworld":"https://swapi.dev/api/planets/2/","films":["https://swapi.dev/api/films/1/","https://swapi.dev/api/films/2/","https://swapi.dev/api/films/3/","https://swapi.dev/api/films/6/"],"species":[],"vehicles":["https://swapi.dev/api/vehicles/30/"],"starships":[],"created":"2014-12-10T15:20:09.791000Z","edited":"2014-12-20T21:17:50.315000Z","url":"https://swapi.dev/api/people/5/"},{"name":"Owen Lars","height":"178","mass":"120","hair_color":"brown, grey","skin_color":"light","eye_color":"blue","birth_year":"52BBY","gender":"male","homeworld":"https://swapi.dev/api/planets/1/","films":["https://swapi.dev/api/films/1/","https://swapi.dev/api/films/5/","https://swapi.dev/api/films/6/"],"species":[],"vehicles":[],"starships":[],"created":"2014-12-10T15:52:14.024000Z","edited":"2014-12-20T21:17:50.317000Z","url":"https://swapi.dev/api/people/6/"},{"name":"Beru Whitesun lars","height":"165","mass":"75","hair_color":"brown","skin_color":"light","eye_color":"blue","birth_year":"47BBY","gender":"female","homeworld":"https://swapi.dev/api/planets/1/","films":["https://swapi.dev/api/films/1/","https://swapi.dev/api/films/5/","https://swapi.dev/api/films/6/"],"species":[],"vehicles":[],"starships":[],"created":"2014-12-10T15:53:41.121000Z","edited":"2014-12-20T21:17:50.319000Z","url":"https://swapi.dev/api/people/7/"},{"name":"R5-D4","height":"97","mass":"32","hair_color":"n/a","skin_color":"white, red","eye_color":"red","birth_year":"unknown","gender":"n/a","homeworld":"https://swapi.dev/api/planets/1/","films":["https://swapi.dev/api/films/1/"],"species":["https://swapi.dev/api/species/2/"],"vehicles":[],"starships":[],"created":"2014-12-10T15:57:50.959000Z","edited":"2014-12-20T21:17:50.321000Z","url":"https://swapi.dev/api/people/8/"},{"name":"Biggs Darklighter","height":"183","mass":"84","hair_color":"black","skin_color":"light","eye_color":"brown","birth_year":"24BBY","gender":"male","homeworld":"https://swapi.dev/api/planets/1/","films":["https://swapi.dev/api/films/1/"],"species":[],"vehicles":[],"starships":["https://swapi.dev/api/starships/12/"],"created":"2014-12-10T15:59:50.509000Z","edited":"2014-12-20T21:17:50.323000Z","url":"https://swapi.dev/api/people/9/"},{"name":"Obi-Wan Kenobi","height":"182","mass":"77","hair_color":"auburn, white","skin_color":"fair","eye_color":"blue-gray","birth_year":"57BBY","gender":"male","homeworld":"https://swapi.dev/api/planets/20/","films":["https://swapi.dev/api/films/1/","https://swapi.dev/api/films/2/","https://swapi.dev/api/films/3/","https://swapi.dev/api/films/4/","https://swapi.dev/api/films/5/","https://swapi.dev/api/films/6/"],"species":[],"vehicles":["https://swapi.dev/api/vehicles/38/"],"starships":["https://swapi.dev/api/starships/48/","https://swapi.dev/api/starships/59/","https://swapi.dev/api/starships/64/","https://swapi.dev/api/starships/65/","https://swapi.dev/api/starships/74/"],"created":"2014-12-10T16:16:29.192000Z","edited":"2014-12-20T21:17:50.325000Z","url":"https://swapi.dev/api/people/10/"}]}

23:35:05.152 |-INFO   c.o.f.t.c.h.GenericHttpClient| <==<< END HTTP (-1-byte body)

    When a user gets all the people details list                                        # SwapiRequestSteps.aUserGetsAllThePeopleDetailsList()
    Then user verifies the given person details                                         # SwapiRequestSteps.userVerifiesTheGivenPersonDetails(DataTable)
23:35:05.159 |-INFO         c.o.f.t.s.c.CommonSteps| =========================
23:35:05.159 |-INFO         c.o.f.t.s.c.CommonSteps| Scenario teardown - Begin
23:35:05.159 |-INFO         c.o.f.t.s.c.CommonSteps| =========================

23:35:05.159 |-INFO         c.o.f.t.s.c.CommonSteps| =========================
23:35:05.159 |-INFO         c.o.f.t.s.c.CommonSteps| Scenario teardown - End
23:35:05.159 |-INFO         c.o.f.t.s.c.CommonSteps| =========================

]]></system-out>
  <system-err><![CDATA[]]></system-err>
</testsuite>
